{"/Users/sara/jukeboxd/packages/react-frontend/src/routes/CreateAccount.jsx": {"path":"/Users/sara/jukeboxd/packages/react-frontend/src/routes/CreateAccount.jsx","statementMap":{"0":{"start":{"line":7,"column":34},"end":{"line":7,"column":46}},"1":{"start":{"line":8,"column":34},"end":{"line":8,"column":46}},"2":{"start":{"line":10,"column":23},"end":{"line":30,"column":3}},"3":{"start":{"line":11,"column":4},"end":{"line":11,"column":23}},"4":{"start":{"line":12,"column":4},"end":{"line":12,"column":26}},"5":{"start":{"line":13,"column":4},"end":{"line":13,"column":26}},"6":{"start":{"line":14,"column":21},"end":{"line":23,"column":5}},"7":{"start":{"line":24,"column":19},"end":{"line":24,"column":40}},"8":{"start":{"line":25,"column":4},"end":{"line":29,"column":5}},"9":{"start":{"line":26,"column":6},"end":{"line":26,"column":45}},"10":{"start":{"line":28,"column":6},"end":{"line":28,"column":57}},"11":{"start":{"line":31,"column":2},"end":{"line":69,"column":4}},"12":{"start":{"line":45,"column":31},"end":{"line":45,"column":58}},"13":{"start":{"line":54,"column":31},"end":{"line":54,"column":58}},"14":{"start":{"line":73,"column":0},"end":{"line":76,"column":2}}},"fnMap":{"0":{"name":"CreateAccount","decl":{"start":{"line":6,"column":24},"end":{"line":6,"column":37}},"loc":{"start":{"line":6,"column":60},"end":{"line":70,"column":1}},"line":6},"1":{"name":"(anonymous_1)","decl":{"start":{"line":10,"column":23},"end":{"line":10,"column":24}},"loc":{"start":{"line":10,"column":36},"end":{"line":30,"column":3}},"line":10},"2":{"name":"(anonymous_2)","decl":{"start":{"line":45,"column":24},"end":{"line":45,"column":25}},"loc":{"start":{"line":45,"column":31},"end":{"line":45,"column":58}},"line":45},"3":{"name":"(anonymous_3)","decl":{"start":{"line":54,"column":24},"end":{"line":54,"column":25}},"loc":{"start":{"line":54,"column":31},"end":{"line":54,"column":58}},"line":54}},"branchMap":{"0":{"loc":{"start":{"line":25,"column":4},"end":{"line":29,"column":5}},"type":"if","locations":[{"start":{"line":25,"column":4},"end":{"line":29,"column":5}},{"start":{"line":27,"column":11},"end":{"line":29,"column":5}}],"line":25}},"s":{"0":0,"1":0,"2":0,"3":0,"4":0,"5":0,"6":0,"7":0,"8":0,"9":0,"10":0,"11":0,"12":0,"13":0,"14":1},"f":{"0":0,"1":0,"2":0,"3":0},"b":{"0":[0,0]},"_coverageSchema":"1a1c01bbd47fc00a2c39e90264f33305004495a9","hash":"3098a2d6bae55ae605719e3509b636423baf2f9f"}
,"/Users/sara/jukeboxd/packages/react-frontend/src/routes/CreateReview.jsx": {"path":"/Users/sara/jukeboxd/packages/react-frontend/src/routes/CreateReview.jsx","statementMap":{"0":{"start":{"line":9,"column":19},"end":{"line":9,"column":32}},"1":{"start":{"line":11,"column":17},"end":{"line":11,"column":28}},"2":{"start":{"line":12,"column":28},"end":{"line":12,"column":40}},"3":{"start":{"line":13,"column":30},"end":{"line":13,"column":42}},"4":{"start":{"line":14,"column":30},"end":{"line":14,"column":41}},"5":{"start":{"line":15,"column":38},"end":{"line":15,"column":50}},"6":{"start":{"line":17,"column":2},"end":{"line":26,"column":11}},"7":{"start":{"line":18,"column":4},"end":{"line":25,"column":9}},"8":{"start":{"line":20,"column":8},"end":{"line":20,"column":23}},"9":{"start":{"line":21,"column":8},"end":{"line":21,"column":35}},"10":{"start":{"line":24,"column":8},"end":{"line":24,"column":27}},"11":{"start":{"line":29,"column":18},"end":{"line":29,"column":47}},"12":{"start":{"line":31,"column":4},"end":{"line":52,"column":9}},"13":{"start":{"line":42,"column":8},"end":{"line":46,"column":9}},"14":{"start":{"line":43,"column":10},"end":{"line":45,"column":12}},"15":{"start":{"line":47,"column":8},"end":{"line":47,"column":31}},"16":{"start":{"line":50,"column":8},"end":{"line":50,"column":54}},"17":{"start":{"line":51,"column":8},"end":{"line":51,"column":20}},"18":{"start":{"line":56,"column":4},"end":{"line":56,"column":21}},"19":{"start":{"line":60,"column":4},"end":{"line":60,"column":34}},"20":{"start":{"line":64,"column":18},"end":{"line":64,"column":47}},"21":{"start":{"line":66,"column":4},"end":{"line":66,"column":23}},"22":{"start":{"line":67,"column":21},"end":{"line":81,"column":5}},"23":{"start":{"line":82,"column":4},"end":{"line":87,"column":5}},"24":{"start":{"line":83,"column":6},"end":{"line":83,"column":41}},"25":{"start":{"line":85,"column":6},"end":{"line":85,"column":26}},"26":{"start":{"line":86,"column":6},"end":{"line":86,"column":38}},"27":{"start":{"line":90,"column":2},"end":{"line":90,"column":54}},"28":{"start":{"line":90,"column":25},"end":{"line":90,"column":54}},"29":{"start":{"line":92,"column":2},"end":{"line":140,"column":4}},"30":{"start":{"line":119,"column":14},"end":{"line":119,"column":36}}},"fnMap":{"0":{"name":"CreateReview","decl":{"start":{"line":8,"column":24},"end":{"line":8,"column":36}},"loc":{"start":{"line":8,"column":39},"end":{"line":141,"column":1}},"line":8},"1":{"name":"(anonymous_1)","decl":{"start":{"line":17,"column":12},"end":{"line":17,"column":13}},"loc":{"start":{"line":17,"column":18},"end":{"line":26,"column":3}},"line":17},"2":{"name":"(anonymous_2)","decl":{"start":{"line":19,"column":12},"end":{"line":19,"column":13}},"loc":{"start":{"line":19,"column":22},"end":{"line":22,"column":7}},"line":19},"3":{"name":"(anonymous_3)","decl":{"start":{"line":23,"column":13},"end":{"line":23,"column":14}},"loc":{"start":{"line":23,"column":24},"end":{"line":25,"column":7}},"line":23},"4":{"name":"fetchAlbumById","decl":{"start":{"line":28,"column":11},"end":{"line":28,"column":25}},"loc":{"start":{"line":28,"column":30},"end":{"line":53,"column":3}},"line":28},"5":{"name":"(anonymous_5)","decl":{"start":{"line":41,"column":12},"end":{"line":41,"column":13}},"loc":{"start":{"line":41,"column":26},"end":{"line":48,"column":7}},"line":41},"6":{"name":"(anonymous_6)","decl":{"start":{"line":49,"column":13},"end":{"line":49,"column":14}},"loc":{"start":{"line":49,"column":24},"end":{"line":52,"column":7}},"line":49},"7":{"name":"updateRating","decl":{"start":{"line":55,"column":11},"end":{"line":55,"column":23}},"loc":{"start":{"line":55,"column":31},"end":{"line":57,"column":3}},"line":55},"8":{"name":"updateReviewText","decl":{"start":{"line":59,"column":11},"end":{"line":59,"column":27}},"loc":{"start":{"line":59,"column":31},"end":{"line":61,"column":3}},"line":59},"9":{"name":"handleSubmit","decl":{"start":{"line":63,"column":17},"end":{"line":63,"column":29}},"loc":{"start":{"line":63,"column":33},"end":{"line":88,"column":3}},"line":63},"10":{"name":"(anonymous_10)","decl":{"start":{"line":118,"column":22},"end":{"line":118,"column":23}},"loc":{"start":{"line":119,"column":14},"end":{"line":119,"column":36}},"line":119}},"branchMap":{"0":{"loc":{"start":{"line":42,"column":8},"end":{"line":46,"column":9}},"type":"if","locations":[{"start":{"line":42,"column":8},"end":{"line":46,"column":9}},{"start":{},"end":{}}],"line":42},"1":{"loc":{"start":{"line":82,"column":4},"end":{"line":87,"column":5}},"type":"if","locations":[{"start":{"line":82,"column":4},"end":{"line":87,"column":5}},{"start":{"line":84,"column":11},"end":{"line":87,"column":5}}],"line":82},"2":{"loc":{"start":{"line":90,"column":2},"end":{"line":90,"column":54}},"type":"if","locations":[{"start":{"line":90,"column":2},"end":{"line":90,"column":54}},{"start":{},"end":{}}],"line":90},"3":{"loc":{"start":{"line":90,"column":6},"end":{"line":90,"column":23}},"type":"binary-expr","locations":[{"start":{"line":90,"column":6},"end":{"line":90,"column":12}},{"start":{"line":90,"column":16},"end":{"line":90,"column":23}}],"line":90}},"s":{"0":6,"1":6,"2":6,"3":6,"4":6,"5":6,"6":6,"7":2,"8":2,"9":2,"10":0,"11":2,"12":2,"13":2,"14":0,"15":2,"16":0,"17":0,"18":1,"19":1,"20":1,"21":1,"22":1,"23":1,"24":0,"25":1,"26":1,"27":6,"28":2,"29":4,"30":1},"f":{"0":6,"1":2,"2":2,"3":0,"4":2,"5":2,"6":0,"7":1,"8":1,"9":1,"10":1},"b":{"0":[0,2],"1":[0,1],"2":[2,4],"3":[6,6]},"_coverageSchema":"1a1c01bbd47fc00a2c39e90264f33305004495a9","hash":"6c66c80bbb0ff1d52feb5e518480c01700c11740"}
,"/Users/sara/jukeboxd/packages/react-frontend/src/routes/Navbar.jsx": {"path":"/Users/sara/jukeboxd/packages/react-frontend/src/routes/Navbar.jsx","statementMap":{"0":{"start":{"line":10,"column":36},"end":{"line":10,"column":51}},"1":{"start":{"line":11,"column":48},"end":{"line":11,"column":63}},"2":{"start":{"line":12,"column":28},"end":{"line":14,"column":3}},"3":{"start":{"line":15,"column":34},"end":{"line":17,"column":3}},"4":{"start":{"line":19,"column":2},"end":{"line":22,"column":9}},"5":{"start":{"line":20,"column":4},"end":{"line":20,"column":44}},"6":{"start":{"line":21,"column":4},"end":{"line":21,"column":50}},"7":{"start":{"line":24,"column":26},"end":{"line":26,"column":3}},"8":{"start":{"line":25,"column":4},"end":{"line":25,"column":23}},"9":{"start":{"line":28,"column":27},"end":{"line":30,"column":3}},"10":{"start":{"line":29,"column":4},"end":{"line":29,"column":24}},"11":{"start":{"line":32,"column":32},"end":{"line":34,"column":3}},"12":{"start":{"line":33,"column":4},"end":{"line":33,"column":29}},"13":{"start":{"line":36,"column":33},"end":{"line":38,"column":3}},"14":{"start":{"line":37,"column":4},"end":{"line":37,"column":30}},"15":{"start":{"line":40,"column":22},"end":{"line":43,"column":3}},"16":{"start":{"line":41,"column":4},"end":{"line":41,"column":24}},"17":{"start":{"line":42,"column":4},"end":{"line":42,"column":29}},"18":{"start":{"line":45,"column":23},"end":{"line":48,"column":3}},"19":{"start":{"line":46,"column":4},"end":{"line":46,"column":23}},"20":{"start":{"line":47,"column":4},"end":{"line":47,"column":30}},"21":{"start":{"line":50,"column":23},"end":{"line":56,"column":3}},"22":{"start":{"line":51,"column":4},"end":{"line":51,"column":37}},"23":{"start":{"line":52,"column":4},"end":{"line":52,"column":40}},"24":{"start":{"line":53,"column":4},"end":{"line":53,"column":19}},"25":{"start":{"line":54,"column":4},"end":{"line":54,"column":22}},"26":{"start":{"line":55,"column":4},"end":{"line":55,"column":31}},"27":{"start":{"line":58,"column":2},"end":{"line":135,"column":4}},"28":{"start":{"line":139,"column":0},"end":{"line":141,"column":2}}},"fnMap":{"0":{"name":"Navbar","decl":{"start":{"line":9,"column":24},"end":{"line":9,"column":30}},"loc":{"start":{"line":9,"column":45},"end":{"line":136,"column":1}},"line":9},"1":{"name":"(anonymous_1)","decl":{"start":{"line":19,"column":12},"end":{"line":19,"column":13}},"loc":{"start":{"line":19,"column":18},"end":{"line":22,"column":3}},"line":19},"2":{"name":"(anonymous_2)","decl":{"start":{"line":24,"column":26},"end":{"line":24,"column":27}},"loc":{"start":{"line":24,"column":32},"end":{"line":26,"column":3}},"line":24},"3":{"name":"(anonymous_3)","decl":{"start":{"line":28,"column":27},"end":{"line":28,"column":28}},"loc":{"start":{"line":28,"column":33},"end":{"line":30,"column":3}},"line":28},"4":{"name":"(anonymous_4)","decl":{"start":{"line":32,"column":32},"end":{"line":32,"column":33}},"loc":{"start":{"line":32,"column":38},"end":{"line":34,"column":3}},"line":32},"5":{"name":"(anonymous_5)","decl":{"start":{"line":36,"column":33},"end":{"line":36,"column":34}},"loc":{"start":{"line":36,"column":39},"end":{"line":38,"column":3}},"line":36},"6":{"name":"(anonymous_6)","decl":{"start":{"line":40,"column":22},"end":{"line":40,"column":23}},"loc":{"start":{"line":40,"column":28},"end":{"line":43,"column":3}},"line":40},"7":{"name":"(anonymous_7)","decl":{"start":{"line":45,"column":23},"end":{"line":45,"column":24}},"loc":{"start":{"line":45,"column":29},"end":{"line":48,"column":3}},"line":45},"8":{"name":"(anonymous_8)","decl":{"start":{"line":50,"column":23},"end":{"line":50,"column":24}},"loc":{"start":{"line":50,"column":29},"end":{"line":56,"column":3}},"line":50}},"branchMap":{"0":{"loc":{"start":{"line":60,"column":7},"end":{"line":66,"column":7}},"type":"binary-expr","locations":[{"start":{"line":60,"column":7},"end":{"line":60,"column":15}},{"start":{"line":61,"column":8},"end":{"line":65,"column":14}}],"line":60},"1":{"loc":{"start":{"line":68,"column":9},"end":{"line":132,"column":9}},"type":"cond-expr","locations":[{"start":{"line":70,"column":10},"end":{"line":102,"column":13}},{"start":{"line":105,"column":10},"end":{"line":131,"column":13}}],"line":68},"2":{"loc":{"start":{"line":68,"column":9},"end":{"line":68,"column":35}},"type":"binary-expr","locations":[{"start":{"line":68,"column":9},"end":{"line":68,"column":15}},{"start":{"line":68,"column":19},"end":{"line":68,"column":35}}],"line":68},"3":{"loc":{"start":{"line":78,"column":15},"end":{"line":83,"column":15}},"type":"binary-expr","locations":[{"start":{"line":78,"column":15},"end":{"line":78,"column":30}},{"start":{"line":79,"column":16},"end":{"line":82,"column":18}}],"line":78},"4":{"loc":{"start":{"line":92,"column":15},"end":{"line":97,"column":15}},"type":"binary-expr","locations":[{"start":{"line":92,"column":15},"end":{"line":92,"column":24}},{"start":{"line":93,"column":16},"end":{"line":96,"column":18}}],"line":92}},"s":{"0":5,"1":5,"2":5,"3":5,"4":5,"5":2,"6":2,"7":5,"8":0,"9":5,"10":0,"11":5,"12":0,"13":5,"14":0,"15":5,"16":0,"17":0,"18":5,"19":0,"20":0,"21":5,"22":0,"23":0,"24":0,"25":0,"26":0,"27":5,"28":1},"f":{"0":5,"1":2,"2":0,"3":0,"4":0,"5":0,"6":0,"7":0,"8":0},"b":{"0":[5,5],"1":[5,0],"2":[5,0],"3":[5,0],"4":[5,0]},"_coverageSchema":"1a1c01bbd47fc00a2c39e90264f33305004495a9","hash":"4fcecf942bfd7626ef7041464f9208efdc701696"}
,"/Users/sara/jukeboxd/packages/react-frontend/src/routes/SignIn.jsx": {"path":"/Users/sara/jukeboxd/packages/react-frontend/src/routes/SignIn.jsx","statementMap":{"0":{"start":{"line":7,"column":34},"end":{"line":7,"column":46}},"1":{"start":{"line":8,"column":34},"end":{"line":8,"column":46}},"2":{"start":{"line":10,"column":23},"end":{"line":37,"column":3}},"3":{"start":{"line":11,"column":4},"end":{"line":11,"column":23}},"4":{"start":{"line":12,"column":4},"end":{"line":12,"column":26}},"5":{"start":{"line":13,"column":4},"end":{"line":13,"column":26}},"6":{"start":{"line":14,"column":21},"end":{"line":23,"column":5}},"7":{"start":{"line":24,"column":19},"end":{"line":24,"column":40}},"8":{"start":{"line":25,"column":4},"end":{"line":36,"column":5}},"9":{"start":{"line":26,"column":6},"end":{"line":26,"column":26}},"10":{"start":{"line":28,"column":6},"end":{"line":28,"column":50}},"11":{"start":{"line":29,"column":6},"end":{"line":29,"column":56}},"12":{"start":{"line":30,"column":6},"end":{"line":30,"column":60}},"13":{"start":{"line":31,"column":6},"end":{"line":31,"column":31}},"14":{"start":{"line":33,"column":6},"end":{"line":33,"column":22}},"15":{"start":{"line":35,"column":6},"end":{"line":35,"column":51}},"16":{"start":{"line":38,"column":2},"end":{"line":76,"column":4}},"17":{"start":{"line":52,"column":31},"end":{"line":52,"column":58}},"18":{"start":{"line":61,"column":31},"end":{"line":61,"column":58}},"19":{"start":{"line":80,"column":0},"end":{"line":83,"column":2}}},"fnMap":{"0":{"name":"SignIn","decl":{"start":{"line":6,"column":24},"end":{"line":6,"column":30}},"loc":{"start":{"line":6,"column":53},"end":{"line":77,"column":1}},"line":6},"1":{"name":"(anonymous_1)","decl":{"start":{"line":10,"column":23},"end":{"line":10,"column":24}},"loc":{"start":{"line":10,"column":36},"end":{"line":37,"column":3}},"line":10},"2":{"name":"(anonymous_2)","decl":{"start":{"line":52,"column":24},"end":{"line":52,"column":25}},"loc":{"start":{"line":52,"column":31},"end":{"line":52,"column":58}},"line":52},"3":{"name":"(anonymous_3)","decl":{"start":{"line":61,"column":24},"end":{"line":61,"column":25}},"loc":{"start":{"line":61,"column":31},"end":{"line":61,"column":58}},"line":61}},"branchMap":{"0":{"loc":{"start":{"line":25,"column":4},"end":{"line":36,"column":5}},"type":"if","locations":[{"start":{"line":25,"column":4},"end":{"line":36,"column":5}},{"start":{"line":34,"column":11},"end":{"line":36,"column":5}}],"line":25}},"s":{"0":0,"1":0,"2":0,"3":0,"4":0,"5":0,"6":0,"7":0,"8":0,"9":0,"10":0,"11":0,"12":0,"13":0,"14":0,"15":0,"16":0,"17":0,"18":0,"19":1},"f":{"0":0,"1":0,"2":0,"3":0},"b":{"0":[0,0]},"_coverageSchema":"1a1c01bbd47fc00a2c39e90264f33305004495a9","hash":"ec9e8c9088f575b6136e8e290c6f90c26c70c658"}
,"/Users/sara/jukeboxd/packages/react-frontend/src/routes/FooterFiles/Footer.jsx": {"path":"/Users/sara/jukeboxd/packages/react-frontend/src/routes/FooterFiles/Footer.jsx","statementMap":{"0":{"start":{"line":6,"column":2},"end":{"line":22,"column":9}},"1":{"start":{"line":7,"column":28},"end":{"line":9,"column":5}},"2":{"start":{"line":8,"column":6},"end":{"line":8,"column":28}},"3":{"start":{"line":11,"column":18},"end":{"line":11,"column":48}},"4":{"start":{"line":12,"column":4},"end":{"line":14,"column":7}},"5":{"start":{"line":13,"column":6},"end":{"line":13,"column":54}},"6":{"start":{"line":17,"column":4},"end":{"line":21,"column":6}},"7":{"start":{"line":18,"column":6},"end":{"line":20,"column":9}},"8":{"start":{"line":19,"column":8},"end":{"line":19,"column":59}},"9":{"start":{"line":23,"column":2},"end":{"line":52,"column":4}}},"fnMap":{"0":{"name":"Footer","decl":{"start":{"line":5,"column":24},"end":{"line":5,"column":30}},"loc":{"start":{"line":5,"column":33},"end":{"line":53,"column":1}},"line":5},"1":{"name":"(anonymous_1)","decl":{"start":{"line":6,"column":12},"end":{"line":6,"column":13}},"loc":{"start":{"line":6,"column":18},"end":{"line":22,"column":3}},"line":6},"2":{"name":"(anonymous_2)","decl":{"start":{"line":7,"column":28},"end":{"line":7,"column":29}},"loc":{"start":{"line":7,"column":34},"end":{"line":9,"column":5}},"line":7},"3":{"name":"(anonymous_3)","decl":{"start":{"line":12,"column":18},"end":{"line":12,"column":19}},"loc":{"start":{"line":12,"column":28},"end":{"line":14,"column":5}},"line":12},"4":{"name":"(anonymous_4)","decl":{"start":{"line":17,"column":11},"end":{"line":17,"column":12}},"loc":{"start":{"line":17,"column":17},"end":{"line":21,"column":5}},"line":17},"5":{"name":"(anonymous_5)","decl":{"start":{"line":18,"column":20},"end":{"line":18,"column":21}},"loc":{"start":{"line":18,"column":30},"end":{"line":20,"column":7}},"line":18}},"branchMap":{},"s":{"0":2,"1":2,"2":7,"3":2,"4":2,"5":14,"6":2,"7":2,"8":14,"9":2},"f":{"0":2,"1":2,"2":7,"3":14,"4":2,"5":14},"b":{},"_coverageSchema":"1a1c01bbd47fc00a2c39e90264f33305004495a9","hash":"6d0f777cc3dec21b0a48b06054cd15bff3c0fa4c"}
}
