TN:
SF:src/routes/CreateAccount.jsx
FN:6,CreateAccount
FN:10,(anonymous_1)
FN:45,(anonymous_2)
FN:54,(anonymous_3)
FNF:4
FNH:0
FNDA:0,CreateAccount
FNDA:0,(anonymous_1)
FNDA:0,(anonymous_2)
FNDA:0,(anonymous_3)
DA:7,0
DA:8,0
DA:10,0
DA:11,0
DA:12,0
DA:13,0
DA:14,0
DA:24,0
DA:25,0
DA:26,0
DA:28,0
DA:31,0
DA:45,0
DA:54,0
DA:73,1
LF:15
LH:1
BRDA:25,0,0,0
BRDA:25,0,1,0
BRF:2
BRH:0
end_of_record
TN:
SF:src/routes/CreateReview.jsx
FN:8,CreateReview
FN:17,(anonymous_1)
FN:19,(anonymous_2)
FN:23,(anonymous_3)
FN:28,fetchAlbumById
FN:38,(anonymous_5)
FN:46,(anonymous_6)
FN:52,updateRating
FN:56,updateReviewText
FN:60,handleSubmit
FN:115,(anonymous_10)
FNF:11
FNH:9
FNDA:6,CreateReview
FNDA:2,(anonymous_1)
FNDA:2,(anonymous_2)
FNDA:0,(anonymous_3)
FNDA:2,fetchAlbumById
FNDA:2,(anonymous_5)
FNDA:0,(anonymous_6)
FNDA:1,updateRating
FNDA:1,updateReviewText
FNDA:1,handleSubmit
FNDA:1,(anonymous_10)
DA:9,6
DA:11,6
DA:12,6
DA:13,6
DA:14,6
DA:15,6
DA:17,6
DA:18,2
DA:20,2
DA:21,2
DA:24,0
DA:29,2
DA:31,2
DA:39,2
DA:40,0
DA:44,2
DA:47,0
DA:48,0
DA:53,1
DA:57,1
DA:61,1
DA:63,1
DA:64,1
DA:79,1
DA:80,0
DA:82,1
DA:83,1
DA:87,6
DA:89,4
DA:116,1
LF:30
LH:25
BRDA:39,0,0,0
BRDA:39,0,1,2
BRDA:79,1,0,0
BRDA:79,1,1,1
BRDA:87,2,0,2
BRDA:87,2,1,4
BRDA:87,3,0,6
BRDA:87,3,1,6
BRF:8
BRH:6
end_of_record
TN:
SF:src/routes/Navbar.jsx
FN:9,Navbar
FN:19,(anonymous_1)
FN:24,(anonymous_2)
FN:28,(anonymous_3)
FN:32,(anonymous_4)
FN:36,(anonymous_5)
FN:40,(anonymous_6)
FN:45,(anonymous_7)
FN:50,(anonymous_8)
FNF:9
FNH:2
FNDA:5,Navbar
FNDA:2,(anonymous_1)
FNDA:0,(anonymous_2)
FNDA:0,(anonymous_3)
FNDA:0,(anonymous_4)
FNDA:0,(anonymous_5)
FNDA:0,(anonymous_6)
FNDA:0,(anonymous_7)
FNDA:0,(anonymous_8)
DA:10,5
DA:11,5
DA:12,5
DA:15,5
DA:19,5
DA:20,2
DA:21,2
DA:24,5
DA:25,0
DA:28,5
DA:29,0
DA:32,5
DA:33,0
DA:36,5
DA:37,0
DA:40,5
DA:41,0
DA:42,0
DA:45,5
DA:46,0
DA:47,0
DA:50,5
DA:51,0
DA:52,0
DA:53,0
DA:54,0
DA:55,0
DA:58,5
DA:139,1
LF:29
LH:16
BRDA:60,0,0,5
BRDA:60,0,1,5
BRDA:68,1,0,5
BRDA:68,1,1,0
BRDA:68,2,0,5
BRDA:68,2,1,0
BRDA:78,3,0,5
BRDA:78,3,1,0
BRDA:92,4,0,5
BRDA:92,4,1,0
BRF:10
BRH:6
end_of_record
TN:
SF:src/routes/SignIn.jsx
FN:6,SignIn
FN:10,(anonymous_1)
FN:52,(anonymous_2)
FN:61,(anonymous_3)
FNF:4
FNH:0
FNDA:0,SignIn
FNDA:0,(anonymous_1)
FNDA:0,(anonymous_2)
FNDA:0,(anonymous_3)
DA:7,0
DA:8,0
DA:10,0
DA:11,0
DA:12,0
DA:13,0
DA:14,0
DA:24,0
DA:25,0
DA:26,0
DA:28,0
DA:29,0
DA:30,0
DA:31,0
DA:33,0
DA:35,0
DA:38,0
DA:52,0
DA:61,0
DA:80,1
LF:20
LH:1
BRDA:25,0,0,0
BRDA:25,0,1,0
BRF:2
BRH:0
end_of_record
TN:
SF:src/routes/FooterFiles/Footer.jsx
FN:5,Footer
FN:6,(anonymous_1)
FN:7,(anonymous_2)
FN:12,(anonymous_3)
FN:17,(anonymous_4)
FN:18,(anonymous_5)
FNF:6
FNH:6
FNDA:2,Footer
FNDA:2,(anonymous_1)
FNDA:7,(anonymous_2)
FNDA:14,(anonymous_3)
FNDA:2,(anonymous_4)
FNDA:14,(anonymous_5)
DA:6,2
DA:7,2
DA:8,7
DA:11,2
DA:12,2
DA:13,14
DA:17,2
DA:18,2
DA:19,14
DA:23,2
LF:10
LH:10
BRF:0
BRH:0
end_of_record
